<?xml version="1.0" encoding="UTF-8" ?>
<testsuite tests="19" failures="8" name="org.example.RunCucumberTest" time="127.086" errors="5" skipped="0">
  <properties>
    <property name="idea.version" value="2021.3.2"/>
    <property name="java.runtime.name" value="Java(TM) SE Runtime Environment"/>
    <property name="java.vm.version" value="17.0.3.1+2-LTS-6"/>
    <property name="sun.boot.library.path" value="D:\java\jdk17\bin"/>
    <property name="maven.multiModuleProjectDirectory" value="D:\sdkman\Software-Test-Class-master\Software-Test-Class-master"/>
    <property name="java.vm.vendor" value="Oracle Corporation"/>
    <property name="java.vendor.url" value="https://java.oracle.com/"/>
    <property name="guice.disable.misplaced.annotation.check" value="true"/>
    <property name="path.separator" value=";"/>
    <property name="java.vm.name" value="Java HotSpot(TM) 64-Bit Server VM"/>
    <property name="sun.os.patch.level" value=""/>
    <property name="user.script" value=""/>
    <property name="user.country" value="CN"/>
    <property name="sun.java.launcher" value="SUN_STANDARD"/>
    <property name="java.vm.specification.name" value="Java Virtual Machine Specification"/>
    <property name="user.dir" value="D:\sdkman\Software-Test-Class-master\Software-Test-Class-master"/>
    <property name="java.vm.compressedOopsMode" value="32-bit"/>
    <property name="java.runtime.version" value="17.0.3.1+2-LTS-6"/>
    <property name="os.arch" value="amd64"/>
    <property name="java.io.tmpdir" value="C:\Users\62314\AppData\Local\Temp\"/>
    <property name="line.separator" value="
"/>
    <property name="java.vm.specification.vendor" value="Oracle Corporation"/>
    <property name="user.variant" value=""/>
    <property name="os.name" value="Windows 10"/>
    <property name="maven.ext.class.path" value="C:\Program Files\JetBrains\IntelliJ IDEA Community Edition 2021.3.2\plugins\maven\lib\maven-event-listener.jar"/>
    <property name="classworlds.conf" value="C:\Program Files\JetBrains\IntelliJ IDEA Community Edition 2021.3.2\plugins\maven\lib\maven3\bin\m2.conf"/>
    <property name="sun.jnu.encoding" value="GBK"/>
    <property name="java.library.path" value="D:\java\jdk17\bin;C:\WINDOWS\Sun\Java\bin;C:\WINDOWS\system32;C:\WINDOWS;C:\Users\62314\AppData\Local\Programs\Python\Python310\Scripts\;C:\Users\62314\AppData\Local\Programs\Python\Python310\;C:\Program Files (x86)\Common Files\Oracle\Java\javapath;C:\Program Files\Common Files\Oracle\Java\javapath;C:\WINDOWS\system32;C:\WINDOWS;C:\WINDOWS\System32\Wbem;C:\WINDOWS\System32\WindowsPowerShell\v1.0\;C:\Program Files\Intel\WiFi\bin\;C:\Program Files\Common Files\Intel\WirelessCommon\;C:\WINDOWS\System32\OpenSSH\;C:\Program Files\dotnet\;C:\php7;D:\sdkman\Git\cmd;D:\Program\Maven\apache-maven-3.6.3\bin;&quot;D:\java\jdk17\bin;D:\java\jdk17\jre\bin;&quot;;c:\Program Files (x86)\Intel\Intel(R) Management Engine Components\DAL;c:\Program Files\Intel\Intel(R) Management Engine Components\DAL;C:\ProgramData\chocolatey\bin;D:\web_application_development\nodejs\;D:\java\jdk17\bin;C:\Users\62314\AppData\Local\Microsoft\WindowsApps;C:\Users\62314\AppData\Local\Programs\Microsoft VS Code\bin;C:\Users\62314\.dotnet\tools;C:\xampp1\php;C:\Users\62314\AppData\Local\GitHubDesktop\bin;C:\Users\62314\AppData\Roaming\npm;."/>
    <property name="maven.conf" value="C:\Program Files\JetBrains\IntelliJ IDEA Community Edition 2021.3.2\plugins\maven\lib\maven3/conf"/>
    <property name="jdk.debug" value="release"/>
    <property name="java.class.version" value="61.0"/>
    <property name="java.specification.name" value="Java Platform API Specification"/>
    <property name="sun.management.compiler" value="HotSpot 64-Bit Tiered Compilers"/>
    <property name="os.version" value="10.0"/>
    <property name="user.home" value="C:\Users\62314"/>
    <property name="user.timezone" value="Europe/Budapest"/>
    <property name="file.encoding" value="UTF-8"/>
    <property name="java.specification.version" value="17"/>
    <property name="user.name" value="62314"/>
    <property name="java.class.path" value="C:\Program Files\JetBrains\IntelliJ IDEA Community Edition 2021.3.2\plugins\maven\lib\maven3\boot\plexus-classworlds-2.6.0.jar;C:\Program Files\JetBrains\IntelliJ IDEA Community Edition 2021.3.2\plugins\maven\lib\maven3\boot\plexus-classworlds.license"/>
    <property name="java.vm.specification.version" value="17"/>
    <property name="sun.arch.data.model" value="64"/>
    <property name="sun.java.command" value="org.codehaus.classworlds.Launcher -Didea.version=2021.3.2 deploy"/>
    <property name="java.home" value="D:\java\jdk17"/>
    <property name="user.language" value="zh"/>
    <property name="java.specification.vendor" value="Oracle Corporation"/>
    <property name="java.vm.info" value="mixed mode, sharing"/>
    <property name="java.version" value="17.0.3.1"/>
    <property name="native.encoding" value="GBK"/>
    <property name="java.vendor" value="Oracle Corporation"/>
    <property name="maven.home" value="C:\Program Files\JetBrains\IntelliJ IDEA Community Edition 2021.3.2\plugins\maven\lib\maven3"/>
    <property name="file.separator" value="\"/>
    <property name="java.version.date" value="2022-04-22"/>
    <property name="java.vendor.url.bug" value="https://bugreport.java.com/bugreport/"/>
    <property name="sun.io.unicode.encoding" value="UnicodeLittle"/>
    <property name="sun.cpu.endian" value="little"/>
    <property name="sun.cpu.isalist" value="amd64"/>
  </properties>
  <testcase classname="Test login page" name="EMPTY_NAME" time="60.281"/>
  <testcase classname="Test contact us page" name="Success" time="7.511"/>
  <testcase classname="Test contact us page" name="Fail" time="3.205">
    <failure message="expected:&lt;[Make sure you fill in all required fields.]&gt; but was:&lt;[Please, fill in the following fields:
Last Name
Email Address
Message]&gt;" type="org.junit.ComparisonFailure">org.junit.ComparisonFailure: expected:&lt;[Make sure you fill in all required fields.]&gt; but was:&lt;[Please, fill in the following fields:
Last Name
Email Address
Message]&gt;
	at org.junit.Assert.assertEquals(Assert.java:115)
	at org.junit.Assert.assertEquals(Assert.java:144)
	at org.example.ContactUsSteps.errorShownWithEmsg(ContactUsSteps.java:35)
	at ✽.error shown with &apos;Make sure you fill in all required fields.&apos;(classpath:org/example/ContactUs.feature:13)
</failure>
    <system-out>
Scenario Outline: Fail                                                                                 &amp;#27;[90m# org/example/ContactUs.feature:16&amp;#27;[0m
  &amp;#27;[32mGiven &amp;#27;[0m&amp;#27;[32mContact us page is open&amp;#27;[0m                                                                        &amp;#27;[90m# org.example.ContactUsSteps.ContactUsPageIsOpen()&amp;#27;[0m
  &amp;#27;[32mGiven &amp;#27;[0m&amp;#27;[32mthe First name is filled with &amp;#27;[0m&amp;#27;[32m&amp;#27;[1m&apos;Lu&apos;&amp;#27;[0m&amp;#27;[32m and Last name with &amp;#27;[0m&amp;#27;[32m&amp;#27;[1m&apos;&apos;&amp;#27;[0m&amp;#27;[32m and Email with &amp;#27;[0m&amp;#27;[32m&amp;#27;[1m&apos;&apos;&amp;#27;[0m&amp;#27;[32m and Message with &amp;#27;[0m&amp;#27;[32m&amp;#27;[1m&apos;&apos;&amp;#27;[0m &amp;#27;[90m# org.example.ContactUsSteps.theFirstNameIsFilledWithFirstnameAndLastNameWithLastnameAndEmailWithEmailAndMessageWithMsg(java.lang.String,java.lang.String,java.lang.String,java.lang.String)&amp;#27;[0m
  &amp;#27;[32mWhen &amp;#27;[0m&amp;#27;[32msend message&amp;#27;[0m                                                                                    &amp;#27;[90m# org.example.ContactUsSteps.sendMessage()&amp;#27;[0m
  &amp;#27;[31mThen &amp;#27;[0m&amp;#27;[31merror shown with &amp;#27;[0m&amp;#27;[31m&amp;#27;[1m&apos;Make sure you fill in all required fields.&apos;&amp;#27;[0m                                   &amp;#27;[90m# org.example.ContactUsSteps.errorShownWithEmsg(java.lang.String)&amp;#27;[0m
      &amp;#27;[31morg.junit.ComparisonFailure: expected:&lt;[Make sure you fill in all required fields.]&gt; but was:&lt;[Please, fill in the following fields:
Last Name
Email Address
Message]&gt;
	at org.junit.Assert.assertEquals(Assert.java:115)
	at org.junit.Assert.assertEquals(Assert.java:144)
	at org.example.ContactUsSteps.errorShownWithEmsg(ContactUsSteps.java:35)
	at ?.error shown with &apos;Make sure you fill in all required fields.&apos;(classpath:org/example/ContactUs.feature:13)
&amp;#27;[0m
</system-out>
  </testcase>
  <testcase classname="Test contact us page" name="Fail" time="2.652">
    <failure message="expected:&lt;[Make sure you fill in all required fields.]&gt; but was:&lt;[Please, fill in the following fields:
First Name
Email Address
Message]&gt;" type="org.junit.ComparisonFailure">org.junit.ComparisonFailure: expected:&lt;[Make sure you fill in all required fields.]&gt; but was:&lt;[Please, fill in the following fields:
First Name
Email Address
Message]&gt;
	at org.junit.Assert.assertEquals(Assert.java:115)
	at org.junit.Assert.assertEquals(Assert.java:144)
	at org.example.ContactUsSteps.errorShownWithEmsg(ContactUsSteps.java:35)
	at ✽.error shown with &apos;Make sure you fill in all required fields.&apos;(classpath:org/example/ContactUs.feature:13)
</failure>
    <system-out>
Scenario Outline: Fail                                                                                     &amp;#27;[90m# org/example/ContactUs.feature:17&amp;#27;[0m
  &amp;#27;[32mGiven &amp;#27;[0m&amp;#27;[32mContact us page is open&amp;#27;[0m                                                                            &amp;#27;[90m# org.example.ContactUsSteps.ContactUsPageIsOpen()&amp;#27;[0m
  &amp;#27;[32mGiven &amp;#27;[0m&amp;#27;[32mthe First name is filled with &amp;#27;[0m&amp;#27;[32m&amp;#27;[1m&apos;&apos;&amp;#27;[0m&amp;#27;[32m and Last name with &amp;#27;[0m&amp;#27;[32m&amp;#27;[1m&apos;Haoran&apos;&amp;#27;[0m&amp;#27;[32m and Email with &amp;#27;[0m&amp;#27;[32m&amp;#27;[1m&apos;&apos;&amp;#27;[0m&amp;#27;[32m and Message with &amp;#27;[0m&amp;#27;[32m&amp;#27;[1m&apos;&apos;&amp;#27;[0m &amp;#27;[90m# org.example.ContactUsSteps.theFirstNameIsFilledWithFirstnameAndLastNameWithLastnameAndEmailWithEmailAndMessageWithMsg(java.lang.String,java.lang.String,java.lang.String,java.lang.String)&amp;#27;[0m
  &amp;#27;[32mWhen &amp;#27;[0m&amp;#27;[32msend message&amp;#27;[0m                                                                                        &amp;#27;[90m# org.example.ContactUsSteps.sendMessage()&amp;#27;[0m
  &amp;#27;[31mThen &amp;#27;[0m&amp;#27;[31merror shown with &amp;#27;[0m&amp;#27;[31m&amp;#27;[1m&apos;Make sure you fill in all required fields.&apos;&amp;#27;[0m                                       &amp;#27;[90m# org.example.ContactUsSteps.errorShownWithEmsg(java.lang.String)&amp;#27;[0m
      &amp;#27;[31morg.junit.ComparisonFailure: expected:&lt;[Make sure you fill in all required fields.]&gt; but was:&lt;[Please, fill in the following fields:
First Name
Email Address
Message]&gt;
	at org.junit.Assert.assertEquals(Assert.java:115)
	at org.junit.Assert.assertEquals(Assert.java:144)
	at org.example.ContactUsSteps.errorShownWithEmsg(ContactUsSteps.java:35)
	at ?.error shown with &apos;Make sure you fill in all required fields.&apos;(classpath:org/example/ContactUs.feature:13)
&amp;#27;[0m
</system-out>
  </testcase>
  <testcase classname="Test contact us page" name="Fail" time="3.7">
    <failure message="expected:&lt;[Make sure you fill in all required fields.]&gt; but was:&lt;[Please, fill in the following fields:
First Name
Last Name
Message]&gt;" type="org.junit.ComparisonFailure">org.junit.ComparisonFailure: expected:&lt;[Make sure you fill in all required fields.]&gt; but was:&lt;[Please, fill in the following fields:
First Name
Last Name
Message]&gt;
	at org.junit.Assert.assertEquals(Assert.java:115)
	at org.junit.Assert.assertEquals(Assert.java:144)
	at org.example.ContactUsSteps.errorShownWithEmsg(ContactUsSteps.java:35)
	at ✽.error shown with &apos;Make sure you fill in all required fields.&apos;(classpath:org/example/ContactUs.feature:13)
</failure>
    <system-out>
Scenario Outline: Fail                                                                                       &amp;#27;[90m# org/example/ContactUs.feature:18&amp;#27;[0m
  &amp;#27;[32mGiven &amp;#27;[0m&amp;#27;[32mContact us page is open&amp;#27;[0m                                                                              &amp;#27;[90m# org.example.ContactUsSteps.ContactUsPageIsOpen()&amp;#27;[0m
  &amp;#27;[32mGiven &amp;#27;[0m&amp;#27;[32mthe First name is filled with &amp;#27;[0m&amp;#27;[32m&amp;#27;[1m&apos;&apos;&amp;#27;[0m&amp;#27;[32m and Last name with &amp;#27;[0m&amp;#27;[32m&amp;#27;[1m&apos;&apos;&amp;#27;[0m&amp;#27;[32m and Email with &amp;#27;[0m&amp;#27;[32m&amp;#27;[1m&apos;ll@l.com&apos;&amp;#27;[0m&amp;#27;[32m and Message with &amp;#27;[0m&amp;#27;[32m&amp;#27;[1m&apos;&apos;&amp;#27;[0m &amp;#27;[90m# org.example.ContactUsSteps.theFirstNameIsFilledWithFirstnameAndLastNameWithLastnameAndEmailWithEmailAndMessageWithMsg(java.lang.String,java.lang.String,java.lang.String,java.lang.String)&amp;#27;[0m
  &amp;#27;[32mWhen &amp;#27;[0m&amp;#27;[32msend message&amp;#27;[0m                                                                                          &amp;#27;[90m# org.example.ContactUsSteps.sendMessage()&amp;#27;[0m
  &amp;#27;[31mThen &amp;#27;[0m&amp;#27;[31merror shown with &amp;#27;[0m&amp;#27;[31m&amp;#27;[1m&apos;Make sure you fill in all required fields.&apos;&amp;#27;[0m                                         &amp;#27;[90m# org.example.ContactUsSteps.errorShownWithEmsg(java.lang.String)&amp;#27;[0m
      &amp;#27;[31morg.junit.ComparisonFailure: expected:&lt;[Make sure you fill in all required fields.]&gt; but was:&lt;[Please, fill in the following fields:
First Name
Last Name
Message]&gt;
	at org.junit.Assert.assertEquals(Assert.java:115)
	at org.junit.Assert.assertEquals(Assert.java:144)
	at org.example.ContactUsSteps.errorShownWithEmsg(ContactUsSteps.java:35)
	at ?.error shown with &apos;Make sure you fill in all required fields.&apos;(classpath:org/example/ContactUs.feature:13)
&amp;#27;[0m
</system-out>
  </testcase>
  <testcase classname="Test contact us page" name="Fail" time="2.711">
    <failure message="expected:&lt;[Make sure you fill in all required fields.]&gt; but was:&lt;[Please, fill in the following fields:
First Name
Last Name
Email Address]&gt;" type="org.junit.ComparisonFailure">org.junit.ComparisonFailure: expected:&lt;[Make sure you fill in all required fields.]&gt; but was:&lt;[Please, fill in the following fields:
First Name
Last Name
Email Address]&gt;
	at org.junit.Assert.assertEquals(Assert.java:115)
	at org.junit.Assert.assertEquals(Assert.java:144)
	at org.example.ContactUsSteps.errorShownWithEmsg(ContactUsSteps.java:35)
	at ✽.error shown with &apos;Make sure you fill in all required fields.&apos;(classpath:org/example/ContactUs.feature:13)
</failure>
    <system-out>
Scenario Outline: Fail                                                                                      &amp;#27;[90m# org/example/ContactUs.feature:19&amp;#27;[0m
  &amp;#27;[32mGiven &amp;#27;[0m&amp;#27;[32mContact us page is open&amp;#27;[0m                                                                             &amp;#27;[90m# org.example.ContactUsSteps.ContactUsPageIsOpen()&amp;#27;[0m
  &amp;#27;[32mGiven &amp;#27;[0m&amp;#27;[32mthe First name is filled with &amp;#27;[0m&amp;#27;[32m&amp;#27;[1m&apos;&apos;&amp;#27;[0m&amp;#27;[32m and Last name with &amp;#27;[0m&amp;#27;[32m&amp;#27;[1m&apos;&apos;&amp;#27;[0m&amp;#27;[32m and Email with &amp;#27;[0m&amp;#27;[32m&amp;#27;[1m&apos;&apos;&amp;#27;[0m&amp;#27;[32m and Message with &amp;#27;[0m&amp;#27;[32m&amp;#27;[1m&apos;message&apos;&amp;#27;[0m &amp;#27;[90m# org.example.ContactUsSteps.theFirstNameIsFilledWithFirstnameAndLastNameWithLastnameAndEmailWithEmailAndMessageWithMsg(java.lang.String,java.lang.String,java.lang.String,java.lang.String)&amp;#27;[0m
  &amp;#27;[32mWhen &amp;#27;[0m&amp;#27;[32msend message&amp;#27;[0m                                                                                         &amp;#27;[90m# org.example.ContactUsSteps.sendMessage()&amp;#27;[0m
  &amp;#27;[31mThen &amp;#27;[0m&amp;#27;[31merror shown with &amp;#27;[0m&amp;#27;[31m&amp;#27;[1m&apos;Make sure you fill in all required fields.&apos;&amp;#27;[0m                                        &amp;#27;[90m# org.example.ContactUsSteps.errorShownWithEmsg(java.lang.String)&amp;#27;[0m
      &amp;#27;[31morg.junit.ComparisonFailure: expected:&lt;[Make sure you fill in all required fields.]&gt; but was:&lt;[Please, fill in the following fields:
First Name
Last Name
Email Address]&gt;
	at org.junit.Assert.assertEquals(Assert.java:115)
	at org.junit.Assert.assertEquals(Assert.java:144)
	at org.example.ContactUsSteps.errorShownWithEmsg(ContactUsSteps.java:35)
	at ?.error shown with &apos;Make sure you fill in all required fields.&apos;(classpath:org/example/ContactUs.feature:13)
&amp;#27;[0m
</system-out>
  </testcase>
  <testcase classname="Test contact us page" name="Fail" time="2.618">
    <failure message="expected:&lt;[Make sure you fill in all required fields.]&gt; but was:&lt;[Please, fill in the following fields:
Email Address
Message]&gt;" type="org.junit.ComparisonFailure">org.junit.ComparisonFailure: expected:&lt;[Make sure you fill in all required fields.]&gt; but was:&lt;[Please, fill in the following fields:
Email Address
Message]&gt;
	at org.junit.Assert.assertEquals(Assert.java:115)
	at org.junit.Assert.assertEquals(Assert.java:144)
	at org.example.ContactUsSteps.errorShownWithEmsg(ContactUsSteps.java:35)
	at ✽.error shown with &apos;Make sure you fill in all required fields.&apos;(classpath:org/example/ContactUs.feature:13)
</failure>
    <system-out>
Scenario Outline: Fail                                                                                       &amp;#27;[90m# org/example/ContactUs.feature:20&amp;#27;[0m
  &amp;#27;[32mGiven &amp;#27;[0m&amp;#27;[32mContact us page is open&amp;#27;[0m                                                                              &amp;#27;[90m# org.example.ContactUsSteps.ContactUsPageIsOpen()&amp;#27;[0m
  &amp;#27;[32mGiven &amp;#27;[0m&amp;#27;[32mthe First name is filled with &amp;#27;[0m&amp;#27;[32m&amp;#27;[1m&apos;Lu&apos;&amp;#27;[0m&amp;#27;[32m and Last name with &amp;#27;[0m&amp;#27;[32m&amp;#27;[1m&apos;Haoran&apos;&amp;#27;[0m&amp;#27;[32m and Email with &amp;#27;[0m&amp;#27;[32m&amp;#27;[1m&apos;&apos;&amp;#27;[0m&amp;#27;[32m and Message with &amp;#27;[0m&amp;#27;[32m&amp;#27;[1m&apos;&apos;&amp;#27;[0m &amp;#27;[90m# org.example.ContactUsSteps.theFirstNameIsFilledWithFirstnameAndLastNameWithLastnameAndEmailWithEmailAndMessageWithMsg(java.lang.String,java.lang.String,java.lang.String,java.lang.String)&amp;#27;[0m
  &amp;#27;[32mWhen &amp;#27;[0m&amp;#27;[32msend message&amp;#27;[0m                                                                                          &amp;#27;[90m# org.example.ContactUsSteps.sendMessage()&amp;#27;[0m
  &amp;#27;[31mThen &amp;#27;[0m&amp;#27;[31merror shown with &amp;#27;[0m&amp;#27;[31m&amp;#27;[1m&apos;Make sure you fill in all required fields.&apos;&amp;#27;[0m                                         &amp;#27;[90m# org.example.ContactUsSteps.errorShownWithEmsg(java.lang.String)&amp;#27;[0m
      &amp;#27;[31morg.junit.ComparisonFailure: expected:&lt;[Make sure you fill in all required fields.]&gt; but was:&lt;[Please, fill in the following fields:
Email Address
Message]&gt;
	at org.junit.Assert.assertEquals(Assert.java:115)
	at org.junit.Assert.assertEquals(Assert.java:144)
	at org.example.ContactUsSteps.errorShownWithEmsg(ContactUsSteps.java:35)
	at ?.error shown with &apos;Make sure you fill in all required fields.&apos;(classpath:org/example/ContactUs.feature:13)
&amp;#27;[0m
</system-out>
  </testcase>
  <testcase classname="Test contact us page" name="Fail" time="2.797">
    <failure message="expected:&lt;[Make sure you fill in all required fields.]&gt; but was:&lt;[Please, fill in the following fields:
Last Name
Message]&gt;" type="org.junit.ComparisonFailure">org.junit.ComparisonFailure: expected:&lt;[Make sure you fill in all required fields.]&gt; but was:&lt;[Please, fill in the following fields:
Last Name
Message]&gt;
	at org.junit.Assert.assertEquals(Assert.java:115)
	at org.junit.Assert.assertEquals(Assert.java:144)
	at org.example.ContactUsSteps.errorShownWithEmsg(ContactUsSteps.java:35)
	at ✽.error shown with &apos;Make sure you fill in all required fields.&apos;(classpath:org/example/ContactUs.feature:13)
</failure>
    <system-out>
Scenario Outline: Fail                                                                                         &amp;#27;[90m# org/example/ContactUs.feature:21&amp;#27;[0m
  &amp;#27;[32mGiven &amp;#27;[0m&amp;#27;[32mContact us page is open&amp;#27;[0m                                                                                &amp;#27;[90m# org.example.ContactUsSteps.ContactUsPageIsOpen()&amp;#27;[0m
  &amp;#27;[32mGiven &amp;#27;[0m&amp;#27;[32mthe First name is filled with &amp;#27;[0m&amp;#27;[32m&amp;#27;[1m&apos;Lu&apos;&amp;#27;[0m&amp;#27;[32m and Last name with &amp;#27;[0m&amp;#27;[32m&amp;#27;[1m&apos;&apos;&amp;#27;[0m&amp;#27;[32m and Email with &amp;#27;[0m&amp;#27;[32m&amp;#27;[1m&apos;ll@l.com&apos;&amp;#27;[0m&amp;#27;[32m and Message with &amp;#27;[0m&amp;#27;[32m&amp;#27;[1m&apos;&apos;&amp;#27;[0m &amp;#27;[90m# org.example.ContactUsSteps.theFirstNameIsFilledWithFirstnameAndLastNameWithLastnameAndEmailWithEmailAndMessageWithMsg(java.lang.String,java.lang.String,java.lang.String,java.lang.String)&amp;#27;[0m
  &amp;#27;[32mWhen &amp;#27;[0m&amp;#27;[32msend message&amp;#27;[0m                                                                                            &amp;#27;[90m# org.example.ContactUsSteps.sendMessage()&amp;#27;[0m
  &amp;#27;[31mThen &amp;#27;[0m&amp;#27;[31merror shown with &amp;#27;[0m&amp;#27;[31m&amp;#27;[1m&apos;Make sure you fill in all required fields.&apos;&amp;#27;[0m                                           &amp;#27;[90m# org.example.ContactUsSteps.errorShownWithEmsg(java.lang.String)&amp;#27;[0m
      &amp;#27;[31morg.junit.ComparisonFailure: expected:&lt;[Make sure you fill in all required fields.]&gt; but was:&lt;[Please, fill in the following fields:
Last Name
Message]&gt;
	at org.junit.Assert.assertEquals(Assert.java:115)
	at org.junit.Assert.assertEquals(Assert.java:144)
	at org.example.ContactUsSteps.errorShownWithEmsg(ContactUsSteps.java:35)
	at ?.error shown with &apos;Make sure you fill in all required fields.&apos;(classpath:org/example/ContactUs.feature:13)
&amp;#27;[0m
</system-out>
  </testcase>
  <testcase classname="Test login page" name="EMPTY_NAME" time="5.902"/>
  <testcase classname="Test login page" name="EMPTY_NAME" time="5.204"/>
  <testcase classname="Test login page" name="EMPTY_NAME" time="4.934"/>
  <testcase classname="Test login page" name="EMPTY_NAME" time="4.939">
    <failure message="expected:&lt;...il field is required[]&gt; but was:&lt;...il field is required[.]&gt;" type="org.junit.ComparisonFailure">org.junit.ComparisonFailure: expected:&lt;...il field is required[]&gt; but was:&lt;...il field is required[.]&gt;
	at org.junit.Assert.assertEquals(Assert.java:115)
	at org.junit.Assert.assertEquals(Assert.java:144)
	at org.example.AdminPageSteps.msgShown(AdminPageSteps.java:35)
	at ✽.&apos;The Email field is required&apos; shown(classpath:org/example/FailLogin.feature:9)
</failure>
    <system-out>
Scenario Outline:                                                &amp;#27;[90m# org/example/FailLogin.feature:15&amp;#27;[0m
  &amp;#27;[32mGiven &amp;#27;[0m&amp;#27;[32mthe adminpage is open&amp;#27;[0m                                    &amp;#27;[90m# org.example.AdminPageSteps.theHomepageIsOpen()&amp;#27;[0m
  &amp;#27;[32mGiven &amp;#27;[0m&amp;#27;[32mthe Email is filled with &amp;#27;[0m&amp;#27;[32m&amp;#27;[1m&apos;&apos;&amp;#27;[0m&amp;#27;[32m and Password with &amp;#27;[0m&amp;#27;[32m&amp;#27;[1m&apos;asfdasdf&apos;&amp;#27;[0m &amp;#27;[90m# org.example.AdminPageSteps.theFieldIsFilledWithParameter(java.lang.String,java.lang.String)&amp;#27;[0m
  &amp;#27;[32mWhen &amp;#27;[0m&amp;#27;[32mWhen the Login button is clicked&amp;#27;[0m                          &amp;#27;[90m# org.example.AdminPageSteps.theLoginButtonIsClicked()&amp;#27;[0m
  &amp;#27;[31mThen &amp;#27;[0m&amp;#27;[31m&amp;#27;[0m&amp;#27;[31m&amp;#27;[1m&apos;The Email field is required&apos;&amp;#27;[0m&amp;#27;[31m shown&amp;#27;[0m                       &amp;#27;[90m# org.example.AdminPageSteps.msgShown(java.lang.String)&amp;#27;[0m
      &amp;#27;[31morg.junit.ComparisonFailure: expected:&lt;...il field is required[]&gt; but was:&lt;...il field is required[.]&gt;
	at org.junit.Assert.assertEquals(Assert.java:115)
	at org.junit.Assert.assertEquals(Assert.java:144)
	at org.example.AdminPageSteps.msgShown(AdminPageSteps.java:35)
	at ?.&apos;The Email field is required&apos; shown(classpath:org/example/FailLogin.feature:9)
&amp;#27;[0m
</system-out>
  </testcase>
  <testcase classname="Test login page" name="EMPTY_NAME" time="5.08">
    <failure message="expected:&lt;...rd field is required[]&gt; but was:&lt;...rd field is required[.]&gt;" type="org.junit.ComparisonFailure">org.junit.ComparisonFailure: expected:&lt;...rd field is required[]&gt; but was:&lt;...rd field is required[.]&gt;
	at org.junit.Assert.assertEquals(Assert.java:115)
	at org.junit.Assert.assertEquals(Assert.java:144)
	at org.example.AdminPageSteps.msgShown(AdminPageSteps.java:35)
	at ✽.&apos;The Password field is required&apos; shown(classpath:org/example/FailLogin.feature:9)
</failure>
    <system-out>
Scenario Outline:                                                      &amp;#27;[90m# org/example/FailLogin.feature:16&amp;#27;[0m
  &amp;#27;[32mGiven &amp;#27;[0m&amp;#27;[32mthe adminpage is open&amp;#27;[0m                                          &amp;#27;[90m# org.example.AdminPageSteps.theHomepageIsOpen()&amp;#27;[0m
  &amp;#27;[32mGiven &amp;#27;[0m&amp;#27;[32mthe Email is filled with &amp;#27;[0m&amp;#27;[32m&amp;#27;[1m&apos;dasda@asdf.com&apos;&amp;#27;[0m&amp;#27;[32m and Password with &amp;#27;[0m&amp;#27;[32m&amp;#27;[1m&apos;&apos;&amp;#27;[0m &amp;#27;[90m# org.example.AdminPageSteps.theFieldIsFilledWithParameter(java.lang.String,java.lang.String)&amp;#27;[0m
  &amp;#27;[32mWhen &amp;#27;[0m&amp;#27;[32mWhen the Login button is clicked&amp;#27;[0m                                &amp;#27;[90m# org.example.AdminPageSteps.theLoginButtonIsClicked()&amp;#27;[0m
  &amp;#27;[31mThen &amp;#27;[0m&amp;#27;[31m&amp;#27;[0m&amp;#27;[31m&amp;#27;[1m&apos;The Password field is required&apos;&amp;#27;[0m&amp;#27;[31m shown&amp;#27;[0m                          &amp;#27;[90m# org.example.AdminPageSteps.msgShown(java.lang.String)&amp;#27;[0m
      &amp;#27;[31morg.junit.ComparisonFailure: expected:&lt;...rd field is required[]&gt; but was:&lt;...rd field is required[.]&gt;
	at org.junit.Assert.assertEquals(Assert.java:115)
	at org.junit.Assert.assertEquals(Assert.java:144)
	at org.example.AdminPageSteps.msgShown(AdminPageSteps.java:35)
	at ?.&apos;The Password field is required&apos; shown(classpath:org/example/FailLogin.feature:9)
&amp;#27;[0m
</system-out>
  </testcase>
  <testcase classname="Test login page" name="Fail" time="8.196"/>
  <testcase classname="Test login page" name="Fail" time="1.797">
    <error message="no such window: target window already closed
from unknown error: web view not found
  (Session info: chrome=108.0.5359.73)
Build info: version: &apos;4.6.0&apos;, revision: &apos;79f1c02ae20&apos;
System info: os.name: &apos;Windows 10&apos;, os.arch: &apos;amd64&apos;, os.version: &apos;10.0&apos;, java.version: &apos;17.0.3.1&apos;
Driver info: org.openqa.selenium.chrome.ChromeDriver
Command: [374c47123f9bb429b027f4852741c3a9, findElement {using=xpath, value=//*[@id=&quot;link-forgot&quot;]}]
Capabilities {acceptInsecureCerts: false, browserName: chrome, browserVersion: 108.0.5359.73, chrome: {chromedriverVersion: 108.0.5359.71 (1e0e3868ee06..., userDataDir: C:\Users\62314\AppData\Loca...}, goog:chromeOptions: {debuggerAddress: localhost:50181}, networkConnectionEnabled: false, pageLoadStrategy: normal, platformName: WINDOWS, proxy: Proxy(), se:cdp: ws://localhost:50181/devtoo..., se:cdpVersion: 108.0.5359.73, setWindowRect: true, strictFileInteractability: false, timeouts: {implicit: 0, pageLoad: 300000, script: 30000}, unhandledPromptBehavior: dismiss and notify, webauthn:extension:credBlob: true, webauthn:extension:largeBlob: true, webauthn:virtualAuthenticators: true}
Session ID: 374c47123f9bb429b027f4852741c3a9" type="org.openqa.selenium.NoSuchWindowException">org.openqa.selenium.NoSuchWindowException: no such window: target window already closed
from unknown error: web view not found
  (Session info: chrome=108.0.5359.73)
Build info: version: &apos;4.6.0&apos;, revision: &apos;79f1c02ae20&apos;
System info: os.name: &apos;Windows 10&apos;, os.arch: &apos;amd64&apos;, os.version: &apos;10.0&apos;, java.version: &apos;17.0.3.1&apos;
Driver info: org.openqa.selenium.chrome.ChromeDriver
Command: [374c47123f9bb429b027f4852741c3a9, findElement {using=xpath, value=//*[@id=&quot;link-forgot&quot;]}]
Capabilities {acceptInsecureCerts: false, browserName: chrome, browserVersion: 108.0.5359.73, chrome: {chromedriverVersion: 108.0.5359.71 (1e0e3868ee06..., userDataDir: C:\Users\62314\AppData\Loca...}, goog:chromeOptions: {debuggerAddress: localhost:50181}, networkConnectionEnabled: false, pageLoadStrategy: normal, platformName: WINDOWS, proxy: Proxy(), se:cdp: ws://localhost:50181/devtoo..., se:cdpVersion: 108.0.5359.73, setWindowRect: true, strictFileInteractability: false, timeouts: {implicit: 0, pageLoad: 300000, script: 30000}, unhandledPromptBehavior: dismiss and notify, webauthn:extension:credBlob: true, webauthn:extension:largeBlob: true, webauthn:virtualAuthenticators: true}
Session ID: 374c47123f9bb429b027f4852741c3a9
	at java.base/jdk.internal.reflect.NativeConstructorAccessorImpl.newInstance0(Native Method)
	at java.base/jdk.internal.reflect.NativeConstructorAccessorImpl.newInstance(NativeConstructorAccessorImpl.java:77)
	at java.base/jdk.internal.reflect.DelegatingConstructorAccessorImpl.newInstance(DelegatingConstructorAccessorImpl.java:45)
	at java.base/java.lang.reflect.Constructor.newInstanceWithCaller(Constructor.java:499)
	at java.base/java.lang.reflect.Constructor.newInstance(Constructor.java:480)
	at org.openqa.selenium.remote.codec.w3c.W3CHttpResponseCodec.createException(W3CHttpResponseCodec.java:200)
	at org.openqa.selenium.remote.codec.w3c.W3CHttpResponseCodec.decode(W3CHttpResponseCodec.java:133)
	at org.openqa.selenium.remote.codec.w3c.W3CHttpResponseCodec.decode(W3CHttpResponseCodec.java:53)
	at org.openqa.selenium.remote.HttpCommandExecutor.execute(HttpCommandExecutor.java:184)
	at org.openqa.selenium.remote.service.DriverCommandExecutor.invokeExecute(DriverCommandExecutor.java:167)
	at org.openqa.selenium.remote.service.DriverCommandExecutor.execute(DriverCommandExecutor.java:142)
	at org.openqa.selenium.remote.RemoteWebDriver.execute(RemoteWebDriver.java:541)
	at org.openqa.selenium.remote.ElementLocation$ElementFinder$2.findElement(ElementLocation.java:162)
	at org.openqa.selenium.remote.ElementLocation.findElement(ElementLocation.java:60)
	at org.openqa.selenium.remote.RemoteWebDriver.findElement(RemoteWebDriver.java:365)
	at org.openqa.selenium.remote.RemoteWebDriver.findElement(RemoteWebDriver.java:357)
	at org.openqa.selenium.support.pagefactory.DefaultElementLocator.findElement(DefaultElementLocator.java:70)
	at org.openqa.selenium.support.pagefactory.internal.LocatingElementHandler.invoke(LocatingElementHandler.java:39)
	at jdk.proxy2/jdk.proxy2.$Proxy21.click(Unknown Source)
	at org.example.AdminPageDef.clickForgetButton(AdminPageDef.java:59)
	at org.example.AdminPageSteps.pressForgetPassword(AdminPageSteps.java:42)
	at ✽.press forget password(classpath:org/example/FogetPassWord.feature:7)
</error>
    <system-out>
Scenario Outline: Fail                  &amp;#27;[90m# org/example/FogetPassWord.feature:14&amp;#27;[0m
  &amp;#27;[32mGiven &amp;#27;[0m&amp;#27;[32mthe adminpage is open&amp;#27;[0m           &amp;#27;[90m# org.example.AdminPageSteps.theHomepageIsOpen()&amp;#27;[0m
  &amp;#27;[31mGiven &amp;#27;[0m&amp;#27;[31mpress forget password&amp;#27;[0m           &amp;#27;[90m# org.example.AdminPageSteps.pressForgetPassword()&amp;#27;[0m
      &amp;#27;[31morg.openqa.selenium.NoSuchWindowException: no such window: target window already closed
from unknown error: web view not found
  (Session info: chrome=108.0.5359.73)
Build info: version: &apos;4.6.0&apos;, revision: &apos;79f1c02ae20&apos;
System info: os.name: &apos;Windows 10&apos;, os.arch: &apos;amd64&apos;, os.version: &apos;10.0&apos;, java.version: &apos;17.0.3.1&apos;
Driver info: org.openqa.selenium.chrome.ChromeDriver
Command: [374c47123f9bb429b027f4852741c3a9, findElement {using=xpath, value=//*[@id=&quot;link-forgot&quot;]}]
Capabilities {acceptInsecureCerts: false, browserName: chrome, browserVersion: 108.0.5359.73, chrome: {chromedriverVersion: 108.0.5359.71 (1e0e3868ee06..., userDataDir: C:\Users\62314\AppData\Loca...}, goog:chromeOptions: {debuggerAddress: localhost:50181}, networkConnectionEnabled: false, pageLoadStrategy: normal, platformName: WINDOWS, proxy: Proxy(), se:cdp: ws://localhost:50181/devtoo..., se:cdpVersion: 108.0.5359.73, setWindowRect: true, strictFileInteractability: false, timeouts: {implicit: 0, pageLoad: 300000, script: 30000}, unhandledPromptBehavior: dismiss and notify, webauthn:extension:credBlob: true, webauthn:extension:largeBlob: true, webauthn:virtualAuthenticators: true}
Session ID: 374c47123f9bb429b027f4852741c3a9
	at java.base/jdk.internal.reflect.NativeConstructorAccessorImpl.newInstance0(Native Method)
	at java.base/jdk.internal.reflect.NativeConstructorAccessorImpl.newInstance(NativeConstructorAccessorImpl.java:77)
	at java.base/jdk.internal.reflect.DelegatingConstructorAccessorImpl.newInstance(DelegatingConstructorAccessorImpl.java:45)
	at java.base/java.lang.reflect.Constructor.newInstanceWithCaller(Constructor.java:499)
	at java.base/java.lang.reflect.Constructor.newInstance(Constructor.java:480)
	at org.openqa.selenium.remote.codec.w3c.W3CHttpResponseCodec.createException(W3CHttpResponseCodec.java:200)
	at org.openqa.selenium.remote.codec.w3c.W3CHttpResponseCodec.decode(W3CHttpResponseCodec.java:133)
	at org.openqa.selenium.remote.codec.w3c.W3CHttpResponseCodec.decode(W3CHttpResponseCodec.java:53)
	at org.openqa.selenium.remote.HttpCommandExecutor.execute(HttpCommandExecutor.java:184)
	at org.openqa.selenium.remote.service.DriverCommandExecutor.invokeExecute(DriverCommandExecutor.java:167)
	at org.openqa.selenium.remote.service.DriverCommandExecutor.execute(DriverCommandExecutor.java:142)
	at org.openqa.selenium.remote.RemoteWebDriver.execute(RemoteWebDriver.java:541)
	at org.openqa.selenium.remote.ElementLocation$ElementFinder$2.findElement(ElementLocation.java:162)
	at org.openqa.selenium.remote.ElementLocation.findElement(ElementLocation.java:60)
	at org.openqa.selenium.remote.RemoteWebDriver.findElement(RemoteWebDriver.java:365)
	at org.openqa.selenium.remote.RemoteWebDriver.findElement(RemoteWebDriver.java:357)
	at org.openqa.selenium.support.pagefactory.DefaultElementLocator.findElement(DefaultElementLocator.java:70)
	at org.openqa.selenium.support.pagefactory.internal.LocatingElementHandler.invoke(LocatingElementHandler.java:39)
	at jdk.proxy2/jdk.proxy2.$Proxy21.click(Unknown Source)
	at org.example.AdminPageDef.clickForgetButton(AdminPageDef.java:59)
	at org.example.AdminPageSteps.pressForgetPassword(AdminPageSteps.java:42)
	at ?.press forget password(classpath:org/example/FogetPassWord.feature:7)
&amp;#27;[0m
  &amp;#27;[36mAnd &amp;#27;[0m&amp;#27;[36menter &amp;#27;[0m&amp;#27;[36m&amp;#27;[1m&apos;asd&apos;&amp;#27;[0m                       &amp;#27;[90m# org.example.AdminPageSteps.enterEmail(java.lang.String)&amp;#27;[0m
  &amp;#27;[36mWhen &amp;#27;[0m&amp;#27;[36mreset password&amp;#27;[0m                   &amp;#27;[90m# org.example.AdminPageSteps.resetPassword()&amp;#27;[0m
  &amp;#27;[36mThen &amp;#27;[0m&amp;#27;[36mpassword &amp;#27;[0m&amp;#27;[36m&amp;#27;[1m&apos;Email Not Found&apos;&amp;#27;[0m&amp;#27;[36m shown&amp;#27;[0m &amp;#27;[90m# org.example.AdminPageSteps.passwordMsgShown(java.lang.String)&amp;#27;[0m
</system-out>
  </testcase>
  <testcase classname="Test login page" name="Fail" time="0.038">
    <error message="no such window: target window already closed
from unknown error: web view not found
  (Session info: chrome=108.0.5359.73)
Build info: version: &apos;4.6.0&apos;, revision: &apos;79f1c02ae20&apos;
System info: os.name: &apos;Windows 10&apos;, os.arch: &apos;amd64&apos;, os.version: &apos;10.0&apos;, java.version: &apos;17.0.3.1&apos;
Driver info: org.openqa.selenium.chrome.ChromeDriver
Command: [374c47123f9bb429b027f4852741c3a9, get {url=https://phptravels.net/api/admin}]
Capabilities {acceptInsecureCerts: false, browserName: chrome, browserVersion: 108.0.5359.73, chrome: {chromedriverVersion: 108.0.5359.71 (1e0e3868ee06..., userDataDir: C:\Users\62314\AppData\Loca...}, goog:chromeOptions: {debuggerAddress: localhost:50181}, networkConnectionEnabled: false, pageLoadStrategy: normal, platformName: WINDOWS, proxy: Proxy(), se:cdp: ws://localhost:50181/devtoo..., se:cdpVersion: 108.0.5359.73, setWindowRect: true, strictFileInteractability: false, timeouts: {implicit: 0, pageLoad: 300000, script: 30000}, unhandledPromptBehavior: dismiss and notify, webauthn:extension:credBlob: true, webauthn:extension:largeBlob: true, webauthn:virtualAuthenticators: true}
Session ID: 374c47123f9bb429b027f4852741c3a9" type="org.openqa.selenium.NoSuchWindowException">org.openqa.selenium.NoSuchWindowException: no such window: target window already closed
from unknown error: web view not found
  (Session info: chrome=108.0.5359.73)
Build info: version: &apos;4.6.0&apos;, revision: &apos;79f1c02ae20&apos;
System info: os.name: &apos;Windows 10&apos;, os.arch: &apos;amd64&apos;, os.version: &apos;10.0&apos;, java.version: &apos;17.0.3.1&apos;
Driver info: org.openqa.selenium.chrome.ChromeDriver
Command: [374c47123f9bb429b027f4852741c3a9, get {url=https://phptravels.net/api/admin}]
Capabilities {acceptInsecureCerts: false, browserName: chrome, browserVersion: 108.0.5359.73, chrome: {chromedriverVersion: 108.0.5359.71 (1e0e3868ee06..., userDataDir: C:\Users\62314\AppData\Loca...}, goog:chromeOptions: {debuggerAddress: localhost:50181}, networkConnectionEnabled: false, pageLoadStrategy: normal, platformName: WINDOWS, proxy: Proxy(), se:cdp: ws://localhost:50181/devtoo..., se:cdpVersion: 108.0.5359.73, setWindowRect: true, strictFileInteractability: false, timeouts: {implicit: 0, pageLoad: 300000, script: 30000}, unhandledPromptBehavior: dismiss and notify, webauthn:extension:credBlob: true, webauthn:extension:largeBlob: true, webauthn:virtualAuthenticators: true}
Session ID: 374c47123f9bb429b027f4852741c3a9
	at java.base/jdk.internal.reflect.NativeConstructorAccessorImpl.newInstance0(Native Method)
	at java.base/jdk.internal.reflect.NativeConstructorAccessorImpl.newInstance(NativeConstructorAccessorImpl.java:77)
	at java.base/jdk.internal.reflect.DelegatingConstructorAccessorImpl.newInstance(DelegatingConstructorAccessorImpl.java:45)
	at java.base/java.lang.reflect.Constructor.newInstanceWithCaller(Constructor.java:499)
	at java.base/java.lang.reflect.Constructor.newInstance(Constructor.java:480)
	at org.openqa.selenium.remote.codec.w3c.W3CHttpResponseCodec.createException(W3CHttpResponseCodec.java:200)
	at org.openqa.selenium.remote.codec.w3c.W3CHttpResponseCodec.decode(W3CHttpResponseCodec.java:133)
	at org.openqa.selenium.remote.codec.w3c.W3CHttpResponseCodec.decode(W3CHttpResponseCodec.java:53)
	at org.openqa.selenium.remote.HttpCommandExecutor.execute(HttpCommandExecutor.java:184)
	at org.openqa.selenium.remote.service.DriverCommandExecutor.invokeExecute(DriverCommandExecutor.java:167)
	at org.openqa.selenium.remote.service.DriverCommandExecutor.execute(DriverCommandExecutor.java:142)
	at org.openqa.selenium.remote.RemoteWebDriver.execute(RemoteWebDriver.java:541)
	at org.openqa.selenium.remote.RemoteWebDriver.get(RemoteWebDriver.java:310)
	at org.example.AdminPageDef.openPage(AdminPageDef.java:51)
	at org.example.AdminPageSteps.theHomepageIsOpen(AdminPageSteps.java:17)
	at ✽.the adminpage is open(classpath:org/example/FogetPassWord.feature:4)
</error>
    <system-out>
Scenario Outline: Fail                  &amp;#27;[90m# org/example/FogetPassWord.feature:15&amp;#27;[0m
  &amp;#27;[31mGiven &amp;#27;[0m&amp;#27;[31mthe adminpage is open&amp;#27;[0m           &amp;#27;[90m# org.example.AdminPageSteps.theHomepageIsOpen()&amp;#27;[0m
      &amp;#27;[31morg.openqa.selenium.NoSuchWindowException: no such window: target window already closed
from unknown error: web view not found
  (Session info: chrome=108.0.5359.73)
Build info: version: &apos;4.6.0&apos;, revision: &apos;79f1c02ae20&apos;
System info: os.name: &apos;Windows 10&apos;, os.arch: &apos;amd64&apos;, os.version: &apos;10.0&apos;, java.version: &apos;17.0.3.1&apos;
Driver info: org.openqa.selenium.chrome.ChromeDriver
Command: [374c47123f9bb429b027f4852741c3a9, get {url=https://phptravels.net/api/admin}]
Capabilities {acceptInsecureCerts: false, browserName: chrome, browserVersion: 108.0.5359.73, chrome: {chromedriverVersion: 108.0.5359.71 (1e0e3868ee06..., userDataDir: C:\Users\62314\AppData\Loca...}, goog:chromeOptions: {debuggerAddress: localhost:50181}, networkConnectionEnabled: false, pageLoadStrategy: normal, platformName: WINDOWS, proxy: Proxy(), se:cdp: ws://localhost:50181/devtoo..., se:cdpVersion: 108.0.5359.73, setWindowRect: true, strictFileInteractability: false, timeouts: {implicit: 0, pageLoad: 300000, script: 30000}, unhandledPromptBehavior: dismiss and notify, webauthn:extension:credBlob: true, webauthn:extension:largeBlob: true, webauthn:virtualAuthenticators: true}
Session ID: 374c47123f9bb429b027f4852741c3a9
	at java.base/jdk.internal.reflect.NativeConstructorAccessorImpl.newInstance0(Native Method)
	at java.base/jdk.internal.reflect.NativeConstructorAccessorImpl.newInstance(NativeConstructorAccessorImpl.java:77)
	at java.base/jdk.internal.reflect.DelegatingConstructorAccessorImpl.newInstance(DelegatingConstructorAccessorImpl.java:45)
	at java.base/java.lang.reflect.Constructor.newInstanceWithCaller(Constructor.java:499)
	at java.base/java.lang.reflect.Constructor.newInstance(Constructor.java:480)
	at org.openqa.selenium.remote.codec.w3c.W3CHttpResponseCodec.createException(W3CHttpResponseCodec.java:200)
	at org.openqa.selenium.remote.codec.w3c.W3CHttpResponseCodec.decode(W3CHttpResponseCodec.java:133)
	at org.openqa.selenium.remote.codec.w3c.W3CHttpResponseCodec.decode(W3CHttpResponseCodec.java:53)
	at org.openqa.selenium.remote.HttpCommandExecutor.execute(HttpCommandExecutor.java:184)
	at org.openqa.selenium.remote.service.DriverCommandExecutor.invokeExecute(DriverCommandExecutor.java:167)
	at org.openqa.selenium.remote.service.DriverCommandExecutor.execute(DriverCommandExecutor.java:142)
	at org.openqa.selenium.remote.RemoteWebDriver.execute(RemoteWebDriver.java:541)
	at org.openqa.selenium.remote.RemoteWebDriver.get(RemoteWebDriver.java:310)
	at org.example.AdminPageDef.openPage(AdminPageDef.java:51)
	at org.example.AdminPageSteps.theHomepageIsOpen(AdminPageSteps.java:17)
	at ?.the adminpage is open(classpath:org/example/FogetPassWord.feature:4)
&amp;#27;[0m
  &amp;#27;[36mGiven &amp;#27;[0m&amp;#27;[36mpress forget password&amp;#27;[0m           &amp;#27;[90m# org.example.AdminPageSteps.pressForgetPassword()&amp;#27;[0m
  &amp;#27;[36mAnd &amp;#27;[0m&amp;#27;[36menter &amp;#27;[0m&amp;#27;[36m&amp;#27;[1m&apos;qwe@&apos;&amp;#27;[0m                      &amp;#27;[90m# org.example.AdminPageSteps.enterEmail(java.lang.String)&amp;#27;[0m
  &amp;#27;[36mWhen &amp;#27;[0m&amp;#27;[36mreset password&amp;#27;[0m                   &amp;#27;[90m# org.example.AdminPageSteps.resetPassword()&amp;#27;[0m
  &amp;#27;[36mThen &amp;#27;[0m&amp;#27;[36mpassword &amp;#27;[0m&amp;#27;[36m&amp;#27;[1m&apos;Email Not Found&apos;&amp;#27;[0m&amp;#27;[36m shown&amp;#27;[0m &amp;#27;[90m# org.example.AdminPageSteps.passwordMsgShown(java.lang.String)&amp;#27;[0m
</system-out>
  </testcase>
  <testcase classname="Test login page" name="Fail" time="0.058">
    <error message="no such window: target window already closed
from unknown error: web view not found
  (Session info: chrome=108.0.5359.73)
Build info: version: &apos;4.6.0&apos;, revision: &apos;79f1c02ae20&apos;
System info: os.name: &apos;Windows 10&apos;, os.arch: &apos;amd64&apos;, os.version: &apos;10.0&apos;, java.version: &apos;17.0.3.1&apos;
Driver info: org.openqa.selenium.chrome.ChromeDriver
Command: [374c47123f9bb429b027f4852741c3a9, get {url=https://phptravels.net/api/admin}]
Capabilities {acceptInsecureCerts: false, browserName: chrome, browserVersion: 108.0.5359.73, chrome: {chromedriverVersion: 108.0.5359.71 (1e0e3868ee06..., userDataDir: C:\Users\62314\AppData\Loca...}, goog:chromeOptions: {debuggerAddress: localhost:50181}, networkConnectionEnabled: false, pageLoadStrategy: normal, platformName: WINDOWS, proxy: Proxy(), se:cdp: ws://localhost:50181/devtoo..., se:cdpVersion: 108.0.5359.73, setWindowRect: true, strictFileInteractability: false, timeouts: {implicit: 0, pageLoad: 300000, script: 30000}, unhandledPromptBehavior: dismiss and notify, webauthn:extension:credBlob: true, webauthn:extension:largeBlob: true, webauthn:virtualAuthenticators: true}
Session ID: 374c47123f9bb429b027f4852741c3a9" type="org.openqa.selenium.NoSuchWindowException">org.openqa.selenium.NoSuchWindowException: no such window: target window already closed
from unknown error: web view not found
  (Session info: chrome=108.0.5359.73)
Build info: version: &apos;4.6.0&apos;, revision: &apos;79f1c02ae20&apos;
System info: os.name: &apos;Windows 10&apos;, os.arch: &apos;amd64&apos;, os.version: &apos;10.0&apos;, java.version: &apos;17.0.3.1&apos;
Driver info: org.openqa.selenium.chrome.ChromeDriver
Command: [374c47123f9bb429b027f4852741c3a9, get {url=https://phptravels.net/api/admin}]
Capabilities {acceptInsecureCerts: false, browserName: chrome, browserVersion: 108.0.5359.73, chrome: {chromedriverVersion: 108.0.5359.71 (1e0e3868ee06..., userDataDir: C:\Users\62314\AppData\Loca...}, goog:chromeOptions: {debuggerAddress: localhost:50181}, networkConnectionEnabled: false, pageLoadStrategy: normal, platformName: WINDOWS, proxy: Proxy(), se:cdp: ws://localhost:50181/devtoo..., se:cdpVersion: 108.0.5359.73, setWindowRect: true, strictFileInteractability: false, timeouts: {implicit: 0, pageLoad: 300000, script: 30000}, unhandledPromptBehavior: dismiss and notify, webauthn:extension:credBlob: true, webauthn:extension:largeBlob: true, webauthn:virtualAuthenticators: true}
Session ID: 374c47123f9bb429b027f4852741c3a9
	at java.base/jdk.internal.reflect.NativeConstructorAccessorImpl.newInstance0(Native Method)
	at java.base/jdk.internal.reflect.NativeConstructorAccessorImpl.newInstance(NativeConstructorAccessorImpl.java:77)
	at java.base/jdk.internal.reflect.DelegatingConstructorAccessorImpl.newInstance(DelegatingConstructorAccessorImpl.java:45)
	at java.base/java.lang.reflect.Constructor.newInstanceWithCaller(Constructor.java:499)
	at java.base/java.lang.reflect.Constructor.newInstance(Constructor.java:480)
	at org.openqa.selenium.remote.codec.w3c.W3CHttpResponseCodec.createException(W3CHttpResponseCodec.java:200)
	at org.openqa.selenium.remote.codec.w3c.W3CHttpResponseCodec.decode(W3CHttpResponseCodec.java:133)
	at org.openqa.selenium.remote.codec.w3c.W3CHttpResponseCodec.decode(W3CHttpResponseCodec.java:53)
	at org.openqa.selenium.remote.HttpCommandExecutor.execute(HttpCommandExecutor.java:184)
	at org.openqa.selenium.remote.service.DriverCommandExecutor.invokeExecute(DriverCommandExecutor.java:167)
	at org.openqa.selenium.remote.service.DriverCommandExecutor.execute(DriverCommandExecutor.java:142)
	at org.openqa.selenium.remote.RemoteWebDriver.execute(RemoteWebDriver.java:541)
	at org.openqa.selenium.remote.RemoteWebDriver.get(RemoteWebDriver.java:310)
	at org.example.AdminPageDef.openPage(AdminPageDef.java:51)
	at org.example.AdminPageSteps.theHomepageIsOpen(AdminPageSteps.java:17)
	at ✽.the adminpage is open(classpath:org/example/FogetPassWord.feature:4)
</error>
    <system-out>
Scenario Outline: Fail                                                                 &amp;#27;[90m# org/example/FogetPassWord.feature:16&amp;#27;[0m
  &amp;#27;[31mGiven &amp;#27;[0m&amp;#27;[31mthe adminpage is open&amp;#27;[0m                                                          &amp;#27;[90m# org.example.AdminPageSteps.theHomepageIsOpen()&amp;#27;[0m
      &amp;#27;[31morg.openqa.selenium.NoSuchWindowException: no such window: target window already closed
from unknown error: web view not found
  (Session info: chrome=108.0.5359.73)
Build info: version: &apos;4.6.0&apos;, revision: &apos;79f1c02ae20&apos;
System info: os.name: &apos;Windows 10&apos;, os.arch: &apos;amd64&apos;, os.version: &apos;10.0&apos;, java.version: &apos;17.0.3.1&apos;
Driver info: org.openqa.selenium.chrome.ChromeDriver
Command: [374c47123f9bb429b027f4852741c3a9, get {url=https://phptravels.net/api/admin}]
Capabilities {acceptInsecureCerts: false, browserName: chrome, browserVersion: 108.0.5359.73, chrome: {chromedriverVersion: 108.0.5359.71 (1e0e3868ee06..., userDataDir: C:\Users\62314\AppData\Loca...}, goog:chromeOptions: {debuggerAddress: localhost:50181}, networkConnectionEnabled: false, pageLoadStrategy: normal, platformName: WINDOWS, proxy: Proxy(), se:cdp: ws://localhost:50181/devtoo..., se:cdpVersion: 108.0.5359.73, setWindowRect: true, strictFileInteractability: false, timeouts: {implicit: 0, pageLoad: 300000, script: 30000}, unhandledPromptBehavior: dismiss and notify, webauthn:extension:credBlob: true, webauthn:extension:largeBlob: true, webauthn:virtualAuthenticators: true}
Session ID: 374c47123f9bb429b027f4852741c3a9
	at java.base/jdk.internal.reflect.NativeConstructorAccessorImpl.newInstance0(Native Method)
	at java.base/jdk.internal.reflect.NativeConstructorAccessorImpl.newInstance(NativeConstructorAccessorImpl.java:77)
	at java.base/jdk.internal.reflect.DelegatingConstructorAccessorImpl.newInstance(DelegatingConstructorAccessorImpl.java:45)
	at java.base/java.lang.reflect.Constructor.newInstanceWithCaller(Constructor.java:499)
	at java.base/java.lang.reflect.Constructor.newInstance(Constructor.java:480)
	at org.openqa.selenium.remote.codec.w3c.W3CHttpResponseCodec.createException(W3CHttpResponseCodec.java:200)
	at org.openqa.selenium.remote.codec.w3c.W3CHttpResponseCodec.decode(W3CHttpResponseCodec.java:133)
	at org.openqa.selenium.remote.codec.w3c.W3CHttpResponseCodec.decode(W3CHttpResponseCodec.java:53)
	at org.openqa.selenium.remote.HttpCommandExecutor.execute(HttpCommandExecutor.java:184)
	at org.openqa.selenium.remote.service.DriverCommandExecutor.invokeExecute(DriverCommandExecutor.java:167)
	at org.openqa.selenium.remote.service.DriverCommandExecutor.execute(DriverCommandExecutor.java:142)
	at org.openqa.selenium.remote.RemoteWebDriver.execute(RemoteWebDriver.java:541)
	at org.openqa.selenium.remote.RemoteWebDriver.get(RemoteWebDriver.java:310)
	at org.example.AdminPageDef.openPage(AdminPageDef.java:51)
	at org.example.AdminPageSteps.theHomepageIsOpen(AdminPageSteps.java:17)
	at ?.the adminpage is open(classpath:org/example/FogetPassWord.feature:4)
&amp;#27;[0m
  &amp;#27;[36mGiven &amp;#27;[0m&amp;#27;[36mpress forget password&amp;#27;[0m                                                          &amp;#27;[90m# org.example.AdminPageSteps.pressForgetPassword()&amp;#27;[0m
  &amp;#27;[36mAnd &amp;#27;[0m&amp;#27;[36menter &amp;#27;[0m&amp;#27;[36m&amp;#27;[1m&apos;admin@phptravels.com&apos;&amp;#27;[0m                                                     &amp;#27;[90m# org.example.AdminPageSteps.enterEmail(java.lang.String)&amp;#27;[0m
  &amp;#27;[36mWhen &amp;#27;[0m&amp;#27;[36mreset password&amp;#27;[0m                                                                  &amp;#27;[90m# org.example.AdminPageSteps.resetPassword()&amp;#27;[0m
  &amp;#27;[36mThen &amp;#27;[0m&amp;#27;[36mpassword &amp;#27;[0m&amp;#27;[36m&amp;#27;[1m&apos;New Password sent to admin@phptravels.com, Kindly check email.&apos;&amp;#27;[0m&amp;#27;[36m shown&amp;#27;[0m &amp;#27;[90m# org.example.AdminPageSteps.passwordMsgShown(java.lang.String)&amp;#27;[0m
</system-out>
  </testcase>
  <testcase classname="Test login page" name="Success" time="0.104">
    <error message="no such window: target window already closed
from unknown error: web view not found
  (Session info: chrome=108.0.5359.73)
Build info: version: &apos;4.6.0&apos;, revision: &apos;79f1c02ae20&apos;
System info: os.name: &apos;Windows 10&apos;, os.arch: &apos;amd64&apos;, os.version: &apos;10.0&apos;, java.version: &apos;17.0.3.1&apos;
Driver info: org.openqa.selenium.chrome.ChromeDriver
Command: [374c47123f9bb429b027f4852741c3a9, get {url=https://phptravels.net/api/admin}]
Capabilities {acceptInsecureCerts: false, browserName: chrome, browserVersion: 108.0.5359.73, chrome: {chromedriverVersion: 108.0.5359.71 (1e0e3868ee06..., userDataDir: C:\Users\62314\AppData\Loca...}, goog:chromeOptions: {debuggerAddress: localhost:50181}, networkConnectionEnabled: false, pageLoadStrategy: normal, platformName: WINDOWS, proxy: Proxy(), se:cdp: ws://localhost:50181/devtoo..., se:cdpVersion: 108.0.5359.73, setWindowRect: true, strictFileInteractability: false, timeouts: {implicit: 0, pageLoad: 300000, script: 30000}, unhandledPromptBehavior: dismiss and notify, webauthn:extension:credBlob: true, webauthn:extension:largeBlob: true, webauthn:virtualAuthenticators: true}
Session ID: 374c47123f9bb429b027f4852741c3a9" type="org.openqa.selenium.NoSuchWindowException">org.openqa.selenium.NoSuchWindowException: no such window: target window already closed
from unknown error: web view not found
  (Session info: chrome=108.0.5359.73)
Build info: version: &apos;4.6.0&apos;, revision: &apos;79f1c02ae20&apos;
System info: os.name: &apos;Windows 10&apos;, os.arch: &apos;amd64&apos;, os.version: &apos;10.0&apos;, java.version: &apos;17.0.3.1&apos;
Driver info: org.openqa.selenium.chrome.ChromeDriver
Command: [374c47123f9bb429b027f4852741c3a9, get {url=https://phptravels.net/api/admin}]
Capabilities {acceptInsecureCerts: false, browserName: chrome, browserVersion: 108.0.5359.73, chrome: {chromedriverVersion: 108.0.5359.71 (1e0e3868ee06..., userDataDir: C:\Users\62314\AppData\Loca...}, goog:chromeOptions: {debuggerAddress: localhost:50181}, networkConnectionEnabled: false, pageLoadStrategy: normal, platformName: WINDOWS, proxy: Proxy(), se:cdp: ws://localhost:50181/devtoo..., se:cdpVersion: 108.0.5359.73, setWindowRect: true, strictFileInteractability: false, timeouts: {implicit: 0, pageLoad: 300000, script: 30000}, unhandledPromptBehavior: dismiss and notify, webauthn:extension:credBlob: true, webauthn:extension:largeBlob: true, webauthn:virtualAuthenticators: true}
Session ID: 374c47123f9bb429b027f4852741c3a9
	at java.base/jdk.internal.reflect.NativeConstructorAccessorImpl.newInstance0(Native Method)
	at java.base/jdk.internal.reflect.NativeConstructorAccessorImpl.newInstance(NativeConstructorAccessorImpl.java:77)
	at java.base/jdk.internal.reflect.DelegatingConstructorAccessorImpl.newInstance(DelegatingConstructorAccessorImpl.java:45)
	at java.base/java.lang.reflect.Constructor.newInstanceWithCaller(Constructor.java:499)
	at java.base/java.lang.reflect.Constructor.newInstance(Constructor.java:480)
	at org.openqa.selenium.remote.codec.w3c.W3CHttpResponseCodec.createException(W3CHttpResponseCodec.java:200)
	at org.openqa.selenium.remote.codec.w3c.W3CHttpResponseCodec.decode(W3CHttpResponseCodec.java:133)
	at org.openqa.selenium.remote.codec.w3c.W3CHttpResponseCodec.decode(W3CHttpResponseCodec.java:53)
	at org.openqa.selenium.remote.HttpCommandExecutor.execute(HttpCommandExecutor.java:184)
	at org.openqa.selenium.remote.service.DriverCommandExecutor.invokeExecute(DriverCommandExecutor.java:167)
	at org.openqa.selenium.remote.service.DriverCommandExecutor.execute(DriverCommandExecutor.java:142)
	at org.openqa.selenium.remote.RemoteWebDriver.execute(RemoteWebDriver.java:541)
	at org.openqa.selenium.remote.RemoteWebDriver.get(RemoteWebDriver.java:310)
	at org.example.AdminPageDef.openPage(AdminPageDef.java:51)
	at org.example.AdminPageSteps.theHomepageIsOpen(AdminPageSteps.java:17)
	at ✽.the adminpage is open(classpath:org/example/FogetPassWord.feature:4)
</error>
    <system-out>
Scenario: Success                               &amp;#27;[90m# org/example/FogetPassWord.feature:18&amp;#27;[0m
  &amp;#27;[31mGiven &amp;#27;[0m&amp;#27;[31mthe adminpage is open&amp;#27;[0m                   &amp;#27;[90m# org.example.AdminPageSteps.theHomepageIsOpen()&amp;#27;[0m
      &amp;#27;[31morg.openqa.selenium.NoSuchWindowException: no such window: target window already closed
from unknown error: web view not found
  (Session info: chrome=108.0.5359.73)
Build info: version: &apos;4.6.0&apos;, revision: &apos;79f1c02ae20&apos;
System info: os.name: &apos;Windows 10&apos;, os.arch: &apos;amd64&apos;, os.version: &apos;10.0&apos;, java.version: &apos;17.0.3.1&apos;
Driver info: org.openqa.selenium.chrome.ChromeDriver
Command: [374c47123f9bb429b027f4852741c3a9, get {url=https://phptravels.net/api/admin}]
Capabilities {acceptInsecureCerts: false, browserName: chrome, browserVersion: 108.0.5359.73, chrome: {chromedriverVersion: 108.0.5359.71 (1e0e3868ee06..., userDataDir: C:\Users\62314\AppData\Loca...}, goog:chromeOptions: {debuggerAddress: localhost:50181}, networkConnectionEnabled: false, pageLoadStrategy: normal, platformName: WINDOWS, proxy: Proxy(), se:cdp: ws://localhost:50181/devtoo..., se:cdpVersion: 108.0.5359.73, setWindowRect: true, strictFileInteractability: false, timeouts: {implicit: 0, pageLoad: 300000, script: 30000}, unhandledPromptBehavior: dismiss and notify, webauthn:extension:credBlob: true, webauthn:extension:largeBlob: true, webauthn:virtualAuthenticators: true}
Session ID: 374c47123f9bb429b027f4852741c3a9
	at java.base/jdk.internal.reflect.NativeConstructorAccessorImpl.newInstance0(Native Method)
	at java.base/jdk.internal.reflect.NativeConstructorAccessorImpl.newInstance(NativeConstructorAccessorImpl.java:77)
	at java.base/jdk.internal.reflect.DelegatingConstructorAccessorImpl.newInstance(DelegatingConstructorAccessorImpl.java:45)
	at java.base/java.lang.reflect.Constructor.newInstanceWithCaller(Constructor.java:499)
	at java.base/java.lang.reflect.Constructor.newInstance(Constructor.java:480)
	at org.openqa.selenium.remote.codec.w3c.W3CHttpResponseCodec.createException(W3CHttpResponseCodec.java:200)
	at org.openqa.selenium.remote.codec.w3c.W3CHttpResponseCodec.decode(W3CHttpResponseCodec.java:133)
	at org.openqa.selenium.remote.codec.w3c.W3CHttpResponseCodec.decode(W3CHttpResponseCodec.java:53)
	at org.openqa.selenium.remote.HttpCommandExecutor.execute(HttpCommandExecutor.java:184)
	at org.openqa.selenium.remote.service.DriverCommandExecutor.invokeExecute(DriverCommandExecutor.java:167)
	at org.openqa.selenium.remote.service.DriverCommandExecutor.execute(DriverCommandExecutor.java:142)
	at org.openqa.selenium.remote.RemoteWebDriver.execute(RemoteWebDriver.java:541)
	at org.openqa.selenium.remote.RemoteWebDriver.get(RemoteWebDriver.java:310)
	at org.example.AdminPageDef.openPage(AdminPageDef.java:51)
	at org.example.AdminPageSteps.theHomepageIsOpen(AdminPageSteps.java:17)
	at ?.the adminpage is open(classpath:org/example/FogetPassWord.feature:4)
&amp;#27;[0m
  &amp;#27;[36mGiven &amp;#27;[0m&amp;#27;[36mpress forget password&amp;#27;[0m                   &amp;#27;[90m# org.example.AdminPageSteps.pressForgetPassword()&amp;#27;[0m
  &amp;#27;[36mAnd &amp;#27;[0m&amp;#27;[36menter &amp;#27;[0m&amp;#27;[36m&amp;#27;[1m&apos; &apos;&amp;#27;[0m                                 &amp;#27;[90m# org.example.AdminPageSteps.enterEmail(java.lang.String)&amp;#27;[0m
  &amp;#27;[36mWhen &amp;#27;[0m&amp;#27;[36mreset password&amp;#27;[0m                           &amp;#27;[90m# org.example.AdminPageSteps.resetPassword()&amp;#27;[0m
  &amp;#27;[36mThen &amp;#27;[0m&amp;#27;[36mAlert shown &amp;#27;[0m&amp;#27;[36m&amp;#27;[1m&apos;Please Enter Email Address&apos;&amp;#27;[0m &amp;#27;[90m# org.example.ContactUsSteps.alertShown(java.lang.String)&amp;#27;[0m
</system-out>
  </testcase>
  <testcase classname="Test login page" name="EMPTY_NAME" time="5.359">
    <error message="Unable to find element with locator By.name: email
For documentation on this error, please visit: https://selenium.dev/exceptions/#no_such_element
Build info: version: &apos;4.6.0&apos;, revision: &apos;79f1c02ae20&apos;
System info: os.name: &apos;Windows 10&apos;, os.arch: &apos;amd64&apos;, os.version: &apos;10.0&apos;, java.version: &apos;17.0.3.1&apos;
Driver info: driver.version: RemoteWebDriver" type="org.openqa.selenium.NoSuchElementException">org.openqa.selenium.NoSuchElementException: Unable to find element with locator By.name: email
For documentation on this error, please visit: https://selenium.dev/exceptions/#no_such_element
Build info: version: &apos;4.6.0&apos;, revision: &apos;79f1c02ae20&apos;
System info: os.name: &apos;Windows 10&apos;, os.arch: &apos;amd64&apos;, os.version: &apos;10.0&apos;, java.version: &apos;17.0.3.1&apos;
Driver info: driver.version: RemoteWebDriver
	at org.openqa.selenium.remote.ElementLocation$ElementFinder$2.findElement(ElementLocation.java:165)
	at org.openqa.selenium.remote.ElementLocation.findElement(ElementLocation.java:60)
	at org.openqa.selenium.remote.RemoteWebDriver.findElement(RemoteWebDriver.java:365)
	at org.openqa.selenium.remote.RemoteWebDriver.findElement(RemoteWebDriver.java:357)
	at org.example.HomePage.getField(HomePage.java:83)
	at org.example.HomePage.fillField(HomePage.java:86)
	at org.example.CustomSteps.theUsernameIsFilledWithStandard_user(CustomSteps.java:37)
	at ✽.the Username is filled with &apos;user@phptravels.com&apos;(classpath:org/example/Login.feature:7)
</error>
    <system-out>
Scenario:                                                 &amp;#27;[90m# org/example/Login.feature:6&amp;#27;[0m
  &amp;#27;[32mGiven &amp;#27;[0m&amp;#27;[32mthe homepage is open&amp;#27;[0m                              &amp;#27;[90m# org.example.CustomSteps.theHomepageIsOpen()&amp;#27;[0m
  &amp;#27;[31mGiven &amp;#27;[0m&amp;#27;[31mthe Username is filled with &amp;#27;[0m&amp;#27;[31m&amp;#27;[1m&apos;user@phptravels.com&apos;&amp;#27;[0m &amp;#27;[90m# org.example.CustomSteps.theUsernameIsFilledWithStandard_user(java.lang.String)&amp;#27;[0m
      &amp;#27;[31morg.openqa.selenium.NoSuchElementException: Unable to find element with locator By.name: email
For documentation on this error, please visit: https://selenium.dev/exceptions/#no_such_element
Build info: version: &apos;4.6.0&apos;, revision: &apos;79f1c02ae20&apos;
System info: os.name: &apos;Windows 10&apos;, os.arch: &apos;amd64&apos;, os.version: &apos;10.0&apos;, java.version: &apos;17.0.3.1&apos;
Driver info: driver.version: RemoteWebDriver
	at org.openqa.selenium.remote.ElementLocation$ElementFinder$2.findElement(ElementLocation.java:165)
	at org.openqa.selenium.remote.ElementLocation.findElement(ElementLocation.java:60)
	at org.openqa.selenium.remote.RemoteWebDriver.findElement(RemoteWebDriver.java:365)
	at org.openqa.selenium.remote.RemoteWebDriver.findElement(RemoteWebDriver.java:357)
	at org.example.HomePage.getField(HomePage.java:83)
	at org.example.HomePage.fillField(HomePage.java:86)
	at org.example.CustomSteps.theUsernameIsFilledWithStandard_user(CustomSteps.java:37)
	at ?.the Username is filled with &apos;user@phptravels.com&apos;(classpath:org/example/Login.feature:7)
&amp;#27;[0m
  &amp;#27;[36mAnd &amp;#27;[0m&amp;#27;[36mthe Password is filled with &amp;#27;[0m&amp;#27;[36m&amp;#27;[1m&apos;demouser&apos;&amp;#27;[0m              &amp;#27;[90m# org.example.CustomSteps.thePasswordIsFilledWithPassword(java.lang.String)&amp;#27;[0m
  &amp;#27;[36mAnd &amp;#27;[0m&amp;#27;[36mthe Login button is clicked&amp;#27;[0m                         &amp;#27;[90m# org.example.CustomSteps.theLoginButtonIsClicked()&amp;#27;[0m
</system-out>
  </testcase>
</testsuite>